0 info it worked if it ends with ok
1 verbose cli [ 'C:\\Program Files\\nodejs\\node.exe',
1 verbose cli   'C:\\Program Files\\nodejs\\node_modules\\npm\\bin\\npm-cli.js',
1 verbose cli   'install',
1 verbose cli   'graphicsmagick' ]
2 info using npm@3.10.10
3 info using node@v6.10.3
4 silly loadCurrentTree Starting
5 silly install loadCurrentTree
6 silly install readLocalPackageData
7 silly fetchPackageMetaData graphicsmagick
8 silly fetchNamedPackageData graphicsmagick
9 silly mapToRegistry name graphicsmagick
10 silly mapToRegistry using default registry
11 silly mapToRegistry registry https://registry.npmjs.org/
12 silly mapToRegistry data Result {
12 silly mapToRegistry   raw: 'graphicsmagick',
12 silly mapToRegistry   scope: null,
12 silly mapToRegistry   escapedName: 'graphicsmagick',
12 silly mapToRegistry   name: 'graphicsmagick',
12 silly mapToRegistry   rawSpec: '',
12 silly mapToRegistry   spec: 'latest',
12 silly mapToRegistry   type: 'tag' }
13 silly mapToRegistry uri https://registry.npmjs.org/graphicsmagick
14 verbose request uri https://registry.npmjs.org/graphicsmagick
15 verbose request no auth needed
16 info attempt registry request try #1 at 12:48:04 PM
17 verbose request id 8634b6efbb7af997
18 http request GET https://registry.npmjs.org/graphicsmagick
19 http 200 https://registry.npmjs.org/graphicsmagick
20 verbose headers { server: 'nginx/1.10.1',
20 verbose headers   'content-type': 'application/json',
20 verbose headers   'last-modified': 'Thu, 30 Mar 2017 11:13:46 GMT',
20 verbose headers   etag: 'W/"58dce86a-4d9"',
20 verbose headers   'content-encoding': 'gzip',
20 verbose headers   'cache-control': 'max-age=300',
20 verbose headers   'content-length': '562',
20 verbose headers   'accept-ranges': 'bytes',
20 verbose headers   date: 'Tue, 30 May 2017 10:51:15 GMT',
20 verbose headers   via: '1.1 varnish',
20 verbose headers   age: '0',
20 verbose headers   connection: 'keep-alive',
20 verbose headers   'x-served-by': 'cache-mad9435-MAD',
20 verbose headers   'x-cache': 'MISS',
20 verbose headers   'x-cache-hits': '0',
20 verbose headers   'x-timer': 'S1496141475.186159,VS0,VE68',
20 verbose headers   vary: 'Accept-Encoding' }
21 silly get cb [ 200,
21 silly get   { server: 'nginx/1.10.1',
21 silly get     'content-type': 'application/json',
21 silly get     'last-modified': 'Thu, 30 Mar 2017 11:13:46 GMT',
21 silly get     etag: 'W/"58dce86a-4d9"',
21 silly get     'content-encoding': 'gzip',
21 silly get     'cache-control': 'max-age=300',
21 silly get     'content-length': '562',
21 silly get     'accept-ranges': 'bytes',
21 silly get     date: 'Tue, 30 May 2017 10:51:15 GMT',
21 silly get     via: '1.1 varnish',
21 silly get     age: '0',
21 silly get     connection: 'keep-alive',
21 silly get     'x-served-by': 'cache-mad9435-MAD',
21 silly get     'x-cache': 'MISS',
21 silly get     'x-cache-hits': '0',
21 silly get     'x-timer': 'S1496141475.186159,VS0,VE68',
21 silly get     vary: 'Accept-Encoding' } ]
22 verbose get saving graphicsmagick to C:\Users\jesus\AppData\Roaming\npm-cache\registry.npmjs.org\graphicsmagick\.cache.json
23 verbose correctMkdir C:\Users\jesus\AppData\Roaming\npm-cache correctMkdir not in flight; initializing
24 silly install normalizeTree
25 silly loadCurrentTree Finishing
26 silly loadIdealTree Starting
27 silly install loadIdealTree
28 silly cloneCurrentTree Starting
29 silly install cloneCurrentTreeToIdealTree
30 silly cloneCurrentTree Finishing
31 silly loadShrinkwrap Starting
32 silly install loadShrinkwrap
33 silly loadShrinkwrap Finishing
34 silly loadAllDepsIntoIdealTree Starting
35 silly install loadAllDepsIntoIdealTree
36 silly resolveWithNewModule graphicsmagick@0.0.1 checking installable status
37 silly cache add args [ 'graphicsmagick', null ]
38 verbose cache add spec graphicsmagick
39 silly cache add parsed spec Result {
39 silly cache add   raw: 'graphicsmagick',
39 silly cache add   scope: null,
39 silly cache add   escapedName: 'graphicsmagick',
39 silly cache add   name: 'graphicsmagick',
39 silly cache add   rawSpec: '',
39 silly cache add   spec: 'latest',
39 silly cache add   type: 'tag' }
40 silly addNamed graphicsmagick@latest
41 verbose addNamed "latest" is being treated as a dist-tag for graphicsmagick
42 info addNameTag [ 'graphicsmagick', 'latest' ]
43 silly mapToRegistry name graphicsmagick
44 silly mapToRegistry using default registry
45 silly mapToRegistry registry https://registry.npmjs.org/
46 silly mapToRegistry data Result {
46 silly mapToRegistry   raw: 'graphicsmagick',
46 silly mapToRegistry   scope: null,
46 silly mapToRegistry   escapedName: 'graphicsmagick',
46 silly mapToRegistry   name: 'graphicsmagick',
46 silly mapToRegistry   rawSpec: '',
46 silly mapToRegistry   spec: 'latest',
46 silly mapToRegistry   type: 'tag' }
47 silly mapToRegistry uri https://registry.npmjs.org/graphicsmagick
48 verbose addNameTag registry:https://registry.npmjs.org/graphicsmagick not in flight; fetching
49 verbose get https://registry.npmjs.org/graphicsmagick not expired, no request
50 silly addNameTag next cb for graphicsmagick with tag latest
51 silly addNamed graphicsmagick@0.0.1
52 verbose addNamed "0.0.1" is a plain semver version for graphicsmagick
53 silly mapToRegistry name graphicsmagick
54 silly mapToRegistry using default registry
55 silly mapToRegistry registry https://registry.npmjs.org/
56 silly mapToRegistry data Result {
56 silly mapToRegistry   raw: 'graphicsmagick',
56 silly mapToRegistry   scope: null,
56 silly mapToRegistry   escapedName: 'graphicsmagick',
56 silly mapToRegistry   name: 'graphicsmagick',
56 silly mapToRegistry   rawSpec: '',
56 silly mapToRegistry   spec: 'latest',
56 silly mapToRegistry   type: 'tag' }
57 silly mapToRegistry uri https://registry.npmjs.org/graphicsmagick
58 verbose addRemoteTarball https://registry.npmjs.org/graphicsmagick/-/graphicsmagick-0.0.1.tgz not in flight; adding
59 verbose addRemoteTarball [ 'https://registry.npmjs.org/graphicsmagick/-/graphicsmagick-0.0.1.tgz',
59 verbose addRemoteTarball   '0af95878190dcbd1028e46c13526f5284245bf29' ]
60 info retry fetch attempt 1 at 12:48:05 PM
61 info attempt registry request try #1 at 12:48:05 PM
62 http fetch GET https://registry.npmjs.org/graphicsmagick/-/graphicsmagick-0.0.1.tgz
63 http fetch 200 https://registry.npmjs.org/graphicsmagick/-/graphicsmagick-0.0.1.tgz
64 silly fetchAndShaCheck shasum 0af95878190dcbd1028e46c13526f5284245bf29
65 verbose addTmpTarball C:\Users\jesus\AppData\Local\Temp\npm-2784-5ece6e73\registry.npmjs.org\graphicsmagick\-\graphicsmagick-0.0.1.tgz not in flight; adding
66 verbose addTmpTarball already have metadata; skipping unpack for graphicsmagick@0.0.1
67 verbose correctMkdir C:\Users\jesus\AppData\Roaming\npm-cache correctMkdir not in flight; initializing
68 silly cache afterAdd graphicsmagick@0.0.1
69 verbose afterAdd C:\Users\jesus\AppData\Roaming\npm-cache\graphicsmagick\0.0.1\package\package.json not in flight; writing
70 verbose correctMkdir C:\Users\jesus\AppData\Roaming\npm-cache correctMkdir not in flight; initializing
71 verbose afterAdd C:\Users\jesus\AppData\Roaming\npm-cache\graphicsmagick\0.0.1\package\package.json written
72 silly loadAllDepsIntoIdealTree Finishing
73 silly loadIdealTree Finishing
74 silly currentTree app@1.0.0
74 silly currentTree +-- abbrev@1.1.0
74 silly currentTree +-- ajv@4.11.8
74 silly currentTree | `-- co@4.6.0
74 silly currentTree +-- align-text@0.1.4
74 silly currentTree +-- amdefine@1.0.1
74 silly currentTree +-- ansi-regex@2.1.1
74 silly currentTree +-- ansi-styles@2.2.1
74 silly currentTree +-- aproba@1.1.1
74 silly currentTree +-- archive-type@3.2.0
74 silly currentTree | `-- file-type@3.9.0
74 silly currentTree +-- archy@1.0.0
74 silly currentTree +-- are-we-there-yet@1.1.4
74 silly currentTree | +-- isarray@1.0.0
74 silly currentTree | +-- readable-stream@2.2.9
74 silly currentTree | `-- string_decoder@1.0.1
74 silly currentTree +-- argparse@1.0.9
74 silly currentTree +-- arr-diff@2.0.0
74 silly currentTree +-- arr-flatten@1.0.3
74 silly currentTree +-- array-differ@1.0.0
74 silly currentTree +-- array-find-index@1.0.2
74 silly currentTree +-- array-parallel@0.1.3
74 silly currentTree +-- array-series@0.1.5
74 silly currentTree +-- array-union@1.0.2
74 silly currentTree +-- array-uniq@1.0.3
74 silly currentTree +-- array-unique@0.2.1
74 silly currentTree +-- asn1@0.2.3
74 silly currentTree +-- assert-plus@0.2.0
74 silly currentTree +-- async-each-series@1.1.0
74 silly currentTree +-- async-foreach@0.1.3
74 silly currentTree +-- async@0.2.10
74 silly currentTree +-- asynckit@0.4.0
74 silly currentTree +-- autoprefixer@6.7.7
74 silly currentTree +-- aws-sign2@0.6.0
74 silly currentTree +-- aws4@1.6.0
74 silly currentTree +-- balanced-match@0.4.2
74 silly currentTree +-- bcrypt-pbkdf@1.0.1
74 silly currentTree +-- beeper@1.1.1
74 silly currentTree +-- bin-build@2.2.0
74 silly currentTree +-- bin-check@2.0.0
74 silly currentTree +-- bin-version-check@2.1.0
74 silly currentTree +-- bin-version@1.0.4
74 silly currentTree +-- bin-wrapper@3.0.2
74 silly currentTree +-- bl@1.2.1
74 silly currentTree | +-- isarray@1.0.0
74 silly currentTree | +-- readable-stream@2.2.9
74 silly currentTree | `-- string_decoder@1.0.1
74 silly currentTree +-- block-stream@0.0.9
74 silly currentTree +-- bluebird@3.5.0
74 silly currentTree +-- boom@2.10.1
74 silly currentTree +-- brace-expansion@1.1.7
74 silly currentTree +-- braces@1.8.5
74 silly currentTree +-- browserslist@1.7.7
74 silly currentTree +-- buffer-crc32@0.2.13
74 silly currentTree +-- buffer-shims@1.0.0
74 silly currentTree +-- buffer-to-vinyl@1.1.0
74 silly currentTree | +-- file-type@3.9.0
74 silly currentTree | +-- isarray@1.0.0
74 silly currentTree | +-- readable-stream@2.2.9
74 silly currentTree | +-- string_decoder@1.0.1
74 silly currentTree | `-- vinyl@1.2.0
74 silly currentTree +-- bufferstreams@1.0.1
74 silly currentTree +-- builtin-modules@1.1.1
74 silly currentTree +-- cache-swap@0.3.0
74 silly currentTree | +-- graceful-fs@4.1.11
74 silly currentTree | `-- object-assign@4.1.1
74 silly currentTree +-- camelcase-keys@2.1.0
74 silly currentTree +-- camelcase@2.1.1
74 silly currentTree +-- caniuse-db@1.0.30000676
74 silly currentTree +-- capture-stack-trace@1.0.0
74 silly currentTree +-- caseless@0.12.0
74 silly currentTree +-- caw@1.2.0
74 silly currentTree +-- center-align@0.1.3
74 silly currentTree +-- chalk@1.1.3
74 silly currentTree +-- clap@1.1.3
74 silly currentTree +-- clean-css@3.4.26
74 silly currentTree | `-- source-map@0.4.4
74 silly currentTree +-- cli@1.0.1
74 silly currentTree +-- cliui@2.1.0
74 silly currentTree +-- clone-buffer@1.0.0
74 silly currentTree +-- clone-stats@0.0.1
74 silly currentTree +-- clone@1.0.2
74 silly currentTree +-- cloneable-readable@1.0.0
74 silly currentTree +-- co@3.1.0
74 silly currentTree +-- coa@1.0.2
74 silly currentTree +-- code-point-at@1.1.0
74 silly currentTree +-- colors@1.1.2
74 silly currentTree +-- combined-stream@1.0.5
74 silly currentTree +-- commander@2.8.1
74 silly currentTree +-- concat-map@0.0.1
74 silly currentTree +-- concat-stream@1.6.0
74 silly currentTree | +-- isarray@1.0.0
74 silly currentTree | +-- readable-stream@2.2.9
74 silly currentTree | `-- string_decoder@1.0.1
74 silly currentTree +-- concat-with-sourcemaps@1.0.4
74 silly currentTree +-- console-browserify@1.1.0
74 silly currentTree +-- console-control-strings@1.1.0
74 silly currentTree +-- console-stream@0.1.1
74 silly currentTree +-- convert-source-map@1.5.0
74 silly currentTree +-- core-util-is@1.0.2
74 silly currentTree +-- create-error-class@3.0.2
74 silly currentTree +-- cross-spawn@4.0.2
74 silly currentTree | `-- lru-cache@4.0.2
74 silly currentTree +-- cryptiles@2.0.5
74 silly currentTree +-- csso@2.3.2
74 silly currentTree +-- currently-unhandled@0.4.1
74 silly currentTree +-- dargs@2.1.0
74 silly currentTree +-- dashdash@1.14.1
74 silly currentTree | `-- assert-plus@1.0.0
74 silly currentTree +-- date-now@0.1.4
74 silly currentTree +-- dateformat@2.0.0
74 silly currentTree +-- debug@2.2.0
74 silly currentTree +-- decamelize@1.2.0
74 silly currentTree +-- decompress-tar@3.1.0
74 silly currentTree | +-- clone@0.2.0
74 silly currentTree | +-- object-assign@2.1.1
74 silly currentTree | +-- readable-stream@1.0.34
74 silly currentTree | +-- through2@0.6.5
74 silly currentTree | `-- vinyl@0.4.6
74 silly currentTree +-- decompress-tarbz2@3.1.0
74 silly currentTree | +-- clone@0.2.0
74 silly currentTree | +-- object-assign@2.1.1
74 silly currentTree | +-- readable-stream@1.0.34
74 silly currentTree | +-- through2@0.6.5
74 silly currentTree | `-- vinyl@0.4.6
74 silly currentTree +-- decompress-targz@3.1.0
74 silly currentTree | +-- clone@0.2.0
74 silly currentTree | +-- object-assign@2.1.1
74 silly currentTree | +-- readable-stream@1.0.34
74 silly currentTree | +-- through2@0.6.5
74 silly currentTree | `-- vinyl@0.4.6
74 silly currentTree +-- decompress-unzip@3.4.0
74 silly currentTree | `-- vinyl@1.2.0
74 silly currentTree +-- decompress@3.0.0
74 silly currentTree | +-- glob-parent@3.1.0
74 silly currentTree | +-- glob-stream@5.3.5
74 silly currentTree | | +-- isarray@0.0.1
74 silly currentTree | | +-- readable-stream@1.0.34
74 silly currentTree | | +-- string_decoder@0.10.31
74 silly currentTree | | `-- through2@0.6.5
74 silly currentTree | +-- glob@5.0.15
74 silly currentTree | +-- graceful-fs@4.1.11
74 silly currentTree | +-- is-extglob@2.1.1
74 silly currentTree | +-- is-glob@3.1.0
74 silly currentTree | +-- isarray@1.0.0
74 silly currentTree | +-- object-assign@4.1.1
74 silly currentTree | +-- ordered-read-streams@0.3.0
74 silly currentTree | +-- readable-stream@2.2.9
74 silly currentTree | +-- string_decoder@1.0.1
74 silly currentTree | +-- strip-bom@2.0.0
74 silly currentTree | +-- unique-stream@2.2.1
74 silly currentTree | +-- vinyl-fs@2.4.4
74 silly currentTree | `-- vinyl@1.2.0
74 silly currentTree +-- deep-extend@0.4.2
74 silly currentTree +-- defaults@1.0.3
74 silly currentTree +-- delayed-stream@1.0.0
74 silly currentTree +-- delegates@1.0.0
74 silly currentTree +-- deprecated@0.0.1
74 silly currentTree +-- detect-file@0.1.0
74 silly currentTree +-- dom-serializer@0.1.0
74 silly currentTree | +-- domelementtype@1.1.3
74 silly currentTree | `-- entities@1.1.1
74 silly currentTree +-- domelementtype@1.3.0
74 silly currentTree +-- domhandler@2.3.0
74 silly currentTree +-- domutils@1.5.1
74 silly currentTree +-- download@4.4.3
74 silly currentTree | +-- glob-parent@3.1.0
74 silly currentTree | +-- glob-stream@5.3.5
74 silly currentTree | | +-- isarray@0.0.1
74 silly currentTree | | +-- readable-stream@1.0.34
74 silly currentTree | | +-- string_decoder@0.10.31
74 silly currentTree | | `-- through2@0.6.5
74 silly currentTree | +-- glob@5.0.15
74 silly currentTree | +-- graceful-fs@4.1.11
74 silly currentTree | +-- is-extglob@2.1.1
74 silly currentTree | +-- is-glob@3.1.0
74 silly currentTree | +-- isarray@1.0.0
74 silly currentTree | +-- object-assign@4.1.1
74 silly currentTree | +-- ordered-read-streams@0.3.0
74 silly currentTree | +-- readable-stream@2.2.9
74 silly currentTree | +-- string_decoder@1.0.1
74 silly currentTree | +-- strip-bom@2.0.0
74 silly currentTree | +-- unique-stream@2.2.1
74 silly currentTree | +-- vinyl-fs@2.4.4
74 silly currentTree | `-- vinyl@1.2.0
74 silly currentTree +-- duplexer2@0.0.2
74 silly currentTree +-- duplexify@3.5.0
74 silly currentTree | +-- end-of-stream@1.0.0
74 silly currentTree | +-- isarray@1.0.0
74 silly currentTree | +-- once@1.3.3
74 silly currentTree | +-- readable-stream@2.2.9
74 silly currentTree | `-- string_decoder@1.0.1
74 silly currentTree +-- each-async@1.1.1
74 silly currentTree +-- ecc-jsbn@0.1.1
74 silly currentTree +-- electron-to-chromium@1.3.13
74 silly currentTree +-- end-of-stream@0.1.5
74 silly currentTree | `-- once@1.3.3
74 silly currentTree +-- entities@1.0.0
74 silly currentTree +-- error-ex@1.3.1
74 silly currentTree +-- escape-string-regexp@1.0.5
74 silly currentTree +-- esprima@2.7.3
74 silly currentTree +-- exec-buffer@3.1.0
74 silly currentTree +-- exec-series@1.0.3
74 silly currentTree | `-- object-assign@4.1.1
74 silly currentTree +-- execa@0.5.1
74 silly currentTree +-- executable@1.1.0
74 silly currentTree +-- exit@0.1.2
74 silly currentTree +-- expand-brackets@0.1.5
74 silly currentTree +-- expand-range@1.8.2
74 silly currentTree +-- expand-tilde@1.2.2
74 silly currentTree +-- extend-shallow@2.0.1
74 silly currentTree +-- extend@3.0.1
74 silly currentTree +-- extglob@0.3.2
74 silly currentTree +-- extsprintf@1.0.2
74 silly currentTree +-- fancy-log@1.3.0
74 silly currentTree +-- fd-slicer@1.0.1
74 silly currentTree +-- figures@1.7.0
74 silly currentTree | `-- object-assign@4.1.1
74 silly currentTree +-- file-type@4.3.0
74 silly currentTree +-- filename-regex@2.0.1
74 silly currentTree +-- filename-reserved-regex@1.0.0
74 silly currentTree +-- filenamify@1.2.1
74 silly currentTree +-- fill-range@2.2.3
74 silly currentTree +-- find-index@0.1.1
74 silly currentTree +-- find-up@1.1.2
74 silly currentTree +-- find-versions@1.2.1
74 silly currentTree +-- findup-sync@0.4.3
74 silly currentTree +-- fined@1.0.2
74 silly currentTree +-- first-chunk-stream@1.0.0
74 silly currentTree +-- flagged-respawn@0.3.2
74 silly currentTree +-- for-in@1.0.2
74 silly currentTree +-- for-own@0.1.5
74 silly currentTree +-- forever-agent@0.6.1
74 silly currentTree +-- form-data@2.1.4
74 silly currentTree +-- fs-exists-sync@0.1.0
74 silly currentTree +-- fs.realpath@1.0.0
74 silly currentTree +-- fstream@1.0.11
74 silly currentTree | `-- graceful-fs@4.1.11
74 silly currentTree +-- gauge@2.7.4
74 silly currentTree | `-- object-assign@4.1.1
74 silly currentTree +-- gaze@0.5.2
74 silly currentTree +-- get-caller-file@1.0.2
74 silly currentTree +-- get-proxy@1.1.0
74 silly currentTree +-- get-stdin@4.0.1
74 silly currentTree +-- get-stream@2.3.1
74 silly currentTree | `-- object-assign@4.1.1
74 silly currentTree +-- getpass@0.1.7
74 silly currentTree | `-- assert-plus@1.0.0
74 silly currentTree +-- gifsicle@3.0.4
74 silly currentTree +-- glob-base@0.3.0
74 silly currentTree +-- glob-parent@2.0.0
74 silly currentTree +-- glob-stream@3.1.18
74 silly currentTree | +-- glob@4.5.3
74 silly currentTree | +-- minimatch@2.0.10
74 silly currentTree | +-- readable-stream@1.0.34
74 silly currentTree | `-- through2@0.6.5
74 silly currentTree +-- glob-watcher@0.0.6
74 silly currentTree +-- glob@7.1.2
74 silly currentTree +-- glob2base@0.0.12
74 silly currentTree +-- global-modules@0.2.3
74 silly currentTree +-- global-prefix@0.1.5
74 silly currentTree +-- globby@6.1.0
74 silly currentTree | `-- object-assign@4.1.1
74 silly currentTree +-- globule@0.1.0
74 silly currentTree | +-- glob@3.1.21
74 silly currentTree | +-- graceful-fs@1.2.3
74 silly currentTree | +-- inherits@1.0.2
74 silly currentTree | `-- minimatch@0.2.14
74 silly currentTree +-- glogg@1.0.0
74 silly currentTree +-- gm@1.23.0
74 silly currentTree +-- got@5.7.1
74 silly currentTree | +-- duplexer2@0.1.4
74 silly currentTree | +-- isarray@1.0.0
74 silly currentTree | +-- object-assign@4.1.1
74 silly currentTree | +-- readable-stream@2.2.9
74 silly currentTree | `-- string_decoder@1.0.1
74 silly currentTree +-- graceful-fs@3.0.11
74 silly currentTree +-- graceful-readlink@1.0.1
74 silly currentTree +-- growly@1.3.0
74 silly currentTree +-- gulp-autoprefixer@3.1.1
74 silly currentTree +-- gulp-cache@0.4.6
74 silly currentTree | +-- isarray@1.0.0
74 silly currentTree | +-- object-assign@4.1.1
74 silly currentTree | +-- readable-stream@2.2.9
74 silly currentTree | +-- string_decoder@1.0.1
74 silly currentTree | `-- vinyl@1.2.0
74 silly currentTree +-- gulp-concat@2.6.1
74 silly currentTree | +-- clone-stats@1.0.0
74 silly currentTree | +-- replace-ext@1.0.0
74 silly currentTree | `-- vinyl@2.0.2
74 silly currentTree +-- gulp-decompress@1.2.0
74 silly currentTree | +-- isarray@1.0.0
74 silly currentTree | +-- readable-stream@2.2.9
74 silly currentTree | `-- string_decoder@1.0.1
74 silly currentTree +-- gulp-gm@0.0.8
74 silly currentTree | +-- ansi-regex@0.2.1
74 silly currentTree | +-- ansi-styles@1.1.0
74 silly currentTree | +-- chalk@0.5.1
74 silly currentTree | +-- dateformat@1.0.12
74 silly currentTree | +-- gulp-util@2.2.20
74 silly currentTree | | `-- through2@0.5.1
74 silly currentTree | +-- has-ansi@0.1.0
74 silly currentTree | +-- lodash._reinterpolate@2.4.1
74 silly currentTree | +-- lodash.escape@2.4.1
74 silly currentTree | +-- lodash.isobject@2.4.1
74 silly currentTree | +-- lodash.keys@2.4.1
74 silly currentTree | +-- lodash.template@2.4.1
74 silly currentTree | +-- lodash.templatesettings@2.4.1
74 silly currentTree | +-- minimist@0.2.0
74 silly currentTree | +-- readable-stream@1.0.34
74 silly currentTree | +-- strip-ansi@0.3.0
74 silly currentTree | +-- supports-color@0.2.0
74 silly currentTree | +-- through2@0.4.2
74 silly currentTree | | `-- xtend@2.1.2
74 silly currentTree | +-- vinyl@0.2.3
74 silly currentTree | `-- xtend@3.0.0
74 silly currentTree +-- gulp-image-resize@0.12.0
74 silly currentTree | +-- lodash@2.4.2
74 silly currentTree | +-- readable-stream@1.0.34
74 silly currentTree | +-- through2@0.4.2
74 silly currentTree | `-- xtend@2.1.2
74 silly currentTree +-- gulp-imagemin@3.2.0
74 silly currentTree +-- gulp-jshint@2.0.4
74 silly currentTree | `-- lodash@4.17.4
74 silly currentTree +-- gulp-minify-css@1.2.4
74 silly currentTree | +-- isarray@1.0.0
74 silly currentTree | +-- object-assign@4.1.1
74 silly currentTree | +-- readable-stream@2.2.9
74 silly currentTree | `-- string_decoder@1.0.1
74 silly currentTree +-- gulp-notify@3.0.0
74 silly currentTree | +-- lodash.template@4.4.0
74 silly currentTree | `-- lodash.templatesettings@4.1.0
74 silly currentTree +-- gulp-rename@1.2.2
74 silly currentTree +-- gulp-ruby-sass@2.1.1
74 silly currentTree | +-- cross-spawn@5.1.0
74 silly currentTree | +-- lru-cache@4.0.2
74 silly currentTree | `-- object-assign@4.1.1
74 silly currentTree +-- gulp-sass@3.1.0
74 silly currentTree +-- gulp-sourcemaps@1.6.0
74 silly currentTree | +-- graceful-fs@4.1.11
74 silly currentTree | +-- strip-bom@2.0.0
74 silly currentTree | `-- vinyl@1.2.0
74 silly currentTree +-- gulp-uglify@2.1.2
74 silly currentTree | `-- lodash@4.17.4
74 silly currentTree +-- gulp-util@3.0.8
74 silly currentTree +-- gulp@3.9.1
74 silly currentTree +-- gulplog@1.0.0
74 silly currentTree +-- har-schema@1.0.5
74 silly currentTree +-- har-validator@4.2.1
74 silly currentTree +-- has-ansi@2.0.0
74 silly currentTree +-- has-flag@1.0.0
74 silly currentTree +-- has-gulplog@0.1.0
74 silly currentTree +-- has-unicode@2.0.1
74 silly currentTree +-- hawk@3.1.3
74 silly currentTree +-- hoek@2.16.3
74 silly currentTree +-- homedir-polyfill@1.0.1
74 silly currentTree +-- hosted-git-info@2.4.2
74 silly currentTree +-- html-comment-regex@1.1.1
74 silly currentTree +-- htmlparser2@3.8.3
74 silly currentTree +-- http-signature@1.1.1
74 silly currentTree +-- imagemagick@0.1.3
74 silly currentTree +-- imagemin-gifsicle@5.1.0
74 silly currentTree +-- imagemin-jpegtran@5.0.2
74 silly currentTree +-- imagemin-optipng@5.2.1
74 silly currentTree +-- imagemin-svgo@5.2.2
74 silly currentTree +-- imagemin@5.3.1
74 silly currentTree | `-- replace-ext@1.0.0
74 silly currentTree +-- in-publish@2.0.0
74 silly currentTree +-- indent-string@2.1.0
74 silly currentTree +-- inflight@1.0.6
74 silly currentTree +-- inherits@2.0.3
74 silly currentTree +-- ini@1.3.4
74 silly currentTree +-- interpret@1.0.3
74 silly currentTree +-- invert-kv@1.0.0
74 silly currentTree +-- ip-regex@1.0.3
74 silly currentTree +-- irregular-plurals@1.2.0
74 silly currentTree +-- is-absolute@0.2.6
74 silly currentTree +-- is-arrayish@0.2.1
74 silly currentTree +-- is-buffer@1.1.5
74 silly currentTree +-- is-builtin-module@1.0.0
74 silly currentTree +-- is-bzip2@1.0.0
74 silly currentTree +-- is-dotfile@1.0.2
74 silly currentTree +-- is-equal-shallow@0.1.3
74 silly currentTree +-- is-extendable@0.1.1
74 silly currentTree +-- is-extglob@1.0.0
74 silly currentTree +-- is-finite@1.0.2
74 silly currentTree +-- is-fullwidth-code-point@1.0.0
74 silly currentTree +-- is-gif@1.0.0
74 silly currentTree +-- is-glob@2.0.1
74 silly currentTree +-- is-gzip@1.0.0
74 silly currentTree +-- is-jpg@1.0.0
74 silly currentTree +-- is-natural-number@2.1.1
74 silly currentTree +-- is-number@2.1.0
74 silly currentTree +-- is-obj@1.0.1
74 silly currentTree +-- is-png@1.1.0
74 silly currentTree +-- is-posix-bracket@0.1.1
74 silly currentTree +-- is-primitive@2.0.0
74 silly currentTree +-- is-redirect@1.0.0
74 silly currentTree +-- is-relative@0.2.1
74 silly currentTree +-- is-retry-allowed@1.1.0
74 silly currentTree +-- is-stream@1.1.0
74 silly currentTree +-- is-svg@2.1.0
74 silly currentTree +-- is-tar@1.0.0
74 silly currentTree +-- is-typedarray@1.0.0
74 silly currentTree +-- is-unc-path@0.1.2
74 silly currentTree +-- is-url@1.2.2
74 silly currentTree +-- is-utf8@0.2.1
74 silly currentTree +-- is-valid-glob@0.3.0
74 silly currentTree +-- is-windows@0.2.0
74 silly currentTree +-- is-zip@1.0.0
74 silly currentTree +-- is@3.2.1
74 silly currentTree +-- isarray@0.0.1
74 silly currentTree +-- isexe@2.0.0
74 silly currentTree +-- isobject@2.1.0
74 silly currentTree | `-- isarray@1.0.0
74 silly currentTree +-- isstream@0.1.2
74 silly currentTree +-- jodid25519@1.0.2
74 silly currentTree +-- jpegtran-bin@3.2.0
74 silly currentTree +-- js-base64@2.1.9
74 silly currentTree +-- js-yaml@3.7.0
74 silly currentTree +-- jsbn@0.1.1
74 silly currentTree +-- jshint@2.9.4
74 silly currentTree | `-- lodash@3.7.0
74 silly currentTree +-- json-schema@0.2.3
74 silly currentTree +-- json-stable-stringify@1.0.1
74 silly currentTree +-- json-stringify-safe@5.0.1
74 silly currentTree +-- jsonify@0.0.0
74 silly currentTree +-- jsprim@1.4.0
74 silly currentTree | `-- assert-plus@1.0.0
74 silly currentTree +-- kind-of@3.2.2
74 silly currentTree +-- lazy-cache@1.0.4
74 silly currentTree +-- lazy-req@1.1.0
74 silly currentTree +-- lazystream@1.0.0
74 silly currentTree | +-- isarray@1.0.0
74 silly currentTree | +-- readable-stream@2.2.9
74 silly currentTree | `-- string_decoder@1.0.1
74 silly currentTree +-- lcid@1.0.0
74 silly currentTree +-- liftoff@2.3.0
74 silly currentTree +-- load-json-file@1.1.0
74 silly currentTree | +-- graceful-fs@4.1.11
74 silly currentTree | `-- strip-bom@2.0.0
74 silly currentTree +-- lodash._basecopy@3.0.1
74 silly currentTree +-- lodash._basetostring@3.0.1
74 silly currentTree +-- lodash._basevalues@3.0.0
74 silly currentTree +-- lodash._escapehtmlchar@2.4.1
74 silly currentTree +-- lodash._escapestringchar@2.4.1
74 silly currentTree +-- lodash._getnative@3.9.1
74 silly currentTree +-- lodash._htmlescapes@2.4.1
74 silly currentTree +-- lodash._isiterateecall@3.0.9
74 silly currentTree +-- lodash._isnative@2.4.1
74 silly currentTree +-- lodash._objecttypes@2.4.1
74 silly currentTree +-- lodash._reescape@3.0.0
74 silly currentTree +-- lodash._reevaluate@3.0.0
74 silly currentTree +-- lodash._reinterpolate@3.0.0
74 silly currentTree +-- lodash._reunescapedhtml@2.4.1
74 silly currentTree | +-- lodash.isobject@2.4.1
74 silly currentTree | `-- lodash.keys@2.4.1
74 silly currentTree +-- lodash._root@3.0.1
74 silly currentTree +-- lodash._shimkeys@2.4.1
74 silly currentTree +-- lodash.assign@4.2.0
74 silly currentTree +-- lodash.assignwith@4.2.0
74 silly currentTree +-- lodash.clonedeep@4.5.0
74 silly currentTree +-- lodash.defaults@2.4.1
74 silly currentTree | +-- lodash.isobject@2.4.1
74 silly currentTree | `-- lodash.keys@2.4.1
74 silly currentTree +-- lodash.escape@3.2.0
74 silly currentTree +-- lodash.isarguments@3.1.0
74 silly currentTree +-- lodash.isarray@3.0.4
74 silly currentTree +-- lodash.isempty@4.4.0
74 silly currentTree +-- lodash.isequal@4.5.0
74 silly currentTree +-- lodash.isobject@3.0.2
74 silly currentTree +-- lodash.isplainobject@4.0.6
74 silly currentTree +-- lodash.isstring@4.0.1
74 silly currentTree +-- lodash.keys@3.1.2
74 silly currentTree +-- lodash.mapvalues@4.6.0
74 silly currentTree +-- lodash.merge@4.6.0
74 silly currentTree +-- lodash.mergewith@4.6.0
74 silly currentTree +-- lodash.pick@4.4.0
74 silly currentTree +-- lodash.restparam@3.6.1
74 silly currentTree +-- lodash.template@3.6.2
74 silly currentTree +-- lodash.templatesettings@3.1.1
74 silly currentTree +-- lodash.values@2.4.1
74 silly currentTree | +-- lodash.isobject@2.4.1
74 silly currentTree | `-- lodash.keys@2.4.1
74 silly currentTree +-- lodash@1.0.2
74 silly currentTree +-- logalot@2.1.0
74 silly currentTree +-- longest@1.0.1
74 silly currentTree +-- loud-rejection@1.6.0
74 silly currentTree +-- lowercase-keys@1.0.0
74 silly currentTree +-- lpad-align@1.1.2
74 silly currentTree +-- lru-cache@2.7.3
74 silly currentTree +-- make-dir@1.0.0
74 silly currentTree +-- make-error-cause@1.2.2
74 silly currentTree +-- make-error@1.3.0
74 silly currentTree +-- map-cache@0.2.2
74 silly currentTree +-- map-obj@1.0.1
74 silly currentTree +-- md5-hex@1.3.0
74 silly currentTree +-- md5-o-matic@0.1.1
74 silly currentTree +-- meow@3.7.0
74 silly currentTree | `-- object-assign@4.1.1
74 silly currentTree +-- merge-stream@1.0.1
74 silly currentTree | +-- isarray@1.0.0
74 silly currentTree | +-- readable-stream@2.2.9
74 silly currentTree | `-- string_decoder@1.0.1
74 silly currentTree +-- micromatch@2.3.11
74 silly currentTree +-- mime-db@1.27.0
74 silly currentTree +-- mime-types@2.1.15
74 silly currentTree +-- minimatch@3.0.4
74 silly currentTree +-- minimist@1.2.0
74 silly currentTree +-- mkdirp@0.5.1
74 silly currentTree | `-- minimist@0.0.8
74 silly currentTree +-- ms@0.7.1
74 silly currentTree +-- multipipe@0.1.2
74 silly currentTree +-- nan@2.6.2
74 silly currentTree +-- natives@1.1.0
74 silly currentTree +-- node-gyp@3.6.1
74 silly currentTree | +-- graceful-fs@4.1.11
74 silly currentTree | `-- semver@5.3.0
74 silly currentTree +-- node-notifier@5.1.2
74 silly currentTree | `-- semver@5.3.0
74 silly currentTree +-- node-sass@4.5.3
74 silly currentTree | +-- cross-spawn@3.0.1
74 silly currentTree | +-- gaze@1.1.2
74 silly currentTree | +-- globule@1.1.0
74 silly currentTree | +-- lodash@4.16.6
74 silly currentTree | `-- lru-cache@4.0.2
74 silly currentTree +-- node-status-codes@1.0.0
74 silly currentTree +-- node.extend@1.1.6
74 silly currentTree +-- nopt@3.0.6
74 silly currentTree +-- normalize-package-data@2.3.8
74 silly currentTree +-- normalize-path@2.1.1
74 silly currentTree +-- normalize-range@0.1.2
74 silly currentTree +-- npm-run-path@2.0.2
74 silly currentTree +-- npmlog@4.1.0
74 silly currentTree +-- num2fraction@1.2.2
74 silly currentTree +-- number-is-nan@1.0.1
74 silly currentTree +-- oauth-sign@0.8.2
74 silly currentTree +-- object-assign@3.0.0
74 silly currentTree +-- object-keys@0.4.0
74 silly currentTree +-- object.omit@2.0.1
74 silly currentTree +-- object.pick@1.2.0
74 silly currentTree +-- once@1.4.0
74 silly currentTree +-- onetime@1.1.0
74 silly currentTree +-- optipng-bin@3.1.4
74 silly currentTree +-- orchestrator@0.3.8
74 silly currentTree +-- ordered-read-streams@0.1.0
74 silly currentTree +-- os-filter-obj@1.0.3
74 silly currentTree +-- os-homedir@1.0.2
74 silly currentTree +-- os-locale@1.4.0
74 silly currentTree +-- os-tmpdir@1.0.2
74 silly currentTree +-- osenv@0.1.4
74 silly currentTree +-- p-finally@1.0.0
74 silly currentTree +-- p-pipe@1.1.0
74 silly currentTree +-- parse-filepath@1.0.1
74 silly currentTree +-- parse-glob@3.0.4
74 silly currentTree +-- parse-json@2.2.0
74 silly currentTree +-- parse-passwd@1.0.0
74 silly currentTree +-- path-dirname@1.0.2
74 silly currentTree +-- path-exists@2.1.0
74 silly currentTree +-- path-is-absolute@1.0.1
74 silly currentTree +-- path-key@2.0.1
74 silly currentTree +-- path-parse@1.0.5
74 silly currentTree +-- path-root-regex@0.1.2
74 silly currentTree +-- path-root@0.1.1
74 silly currentTree +-- path-type@1.1.0
74 silly currentTree | `-- graceful-fs@4.1.11
74 silly currentTree +-- pend@1.2.0
74 silly currentTree +-- performance-now@0.2.0
74 silly currentTree +-- pify@2.3.0
74 silly currentTree +-- pinkie-promise@2.0.1
74 silly currentTree +-- pinkie@2.0.4
74 silly currentTree +-- plur@2.1.2
74 silly currentTree +-- postcss-value-parser@3.3.0
74 silly currentTree +-- postcss@5.2.17
74 silly currentTree | `-- supports-color@3.2.3
74 silly currentTree +-- prepend-http@1.0.4
74 silly currentTree +-- preserve@0.2.0
74 silly currentTree +-- pretty-bytes@4.0.2
74 silly currentTree +-- pretty-hrtime@1.0.3
74 silly currentTree +-- process-nextick-args@1.0.7
74 silly currentTree +-- pseudomap@1.0.2
74 silly currentTree +-- punycode@1.4.1
74 silly currentTree +-- q@1.5.0
74 silly currentTree +-- qs@6.4.0
74 silly currentTree +-- randomatic@1.1.6
74 silly currentTree +-- rc@1.2.1
74 silly currentTree | `-- strip-json-comments@2.0.1
74 silly currentTree +-- rcfinder@0.1.9
74 silly currentTree +-- rcloader@0.2.2
74 silly currentTree +-- read-all-stream@3.1.0
74 silly currentTree | +-- isarray@1.0.0
74 silly currentTree | +-- readable-stream@2.2.9
74 silly currentTree | `-- string_decoder@1.0.1
74 silly currentTree +-- read-pkg-up@1.0.1
74 silly currentTree +-- read-pkg@1.1.0
74 silly currentTree +-- readable-stream@1.1.14
74 silly currentTree +-- rechoir@0.6.2
74 silly currentTree +-- redent@1.0.0
74 silly currentTree +-- regex-cache@0.4.3
74 silly currentTree +-- remove-trailing-separator@1.0.1
74 silly currentTree +-- repeat-element@1.1.2
74 silly currentTree +-- repeat-string@1.6.1
74 silly currentTree +-- repeating@2.0.1
74 silly currentTree +-- replace-ext@0.0.1
74 silly currentTree +-- request@2.81.0
74 silly currentTree | +-- tunnel-agent@0.6.0
74 silly currentTree | `-- uuid@3.0.1
74 silly currentTree +-- require-directory@2.1.1
74 silly currentTree +-- require-main-filename@1.0.1
74 silly currentTree +-- resolve-dir@0.1.1
74 silly currentTree +-- resolve@1.3.3
74 silly currentTree +-- right-align@0.1.3
74 silly currentTree +-- rimraf@2.6.1
74 silly currentTree +-- safe-buffer@5.0.1
74 silly currentTree +-- sass-graph@2.2.4
74 silly currentTree | +-- camelcase@3.0.0
74 silly currentTree | +-- cliui@3.2.0
74 silly currentTree | +-- lodash@4.17.4
74 silly currentTree | `-- yargs@7.1.0
74 silly currentTree +-- sax@1.2.2
74 silly currentTree +-- scss-tokenizer@0.2.3
74 silly currentTree | `-- source-map@0.4.4
74 silly currentTree +-- seek-bzip@1.0.5
74 silly currentTree +-- semver-regex@1.0.0
74 silly currentTree +-- semver-truncate@1.1.2
74 silly currentTree | `-- semver@5.3.0
74 silly currentTree +-- semver@4.3.6
74 silly currentTree +-- sequencify@0.0.7
74 silly currentTree +-- set-blocking@2.0.0
74 silly currentTree +-- set-immediate-shim@1.0.1
74 silly currentTree +-- shebang-command@1.2.0
74 silly currentTree +-- shebang-regex@1.0.0
74 silly currentTree +-- shelljs@0.3.0
74 silly currentTree +-- shellwords@0.1.0
74 silly currentTree +-- sigmund@1.0.1
74 silly currentTree +-- signal-exit@3.0.2
74 silly currentTree +-- sntp@1.0.9
74 silly currentTree +-- source-map@0.5.6
74 silly currentTree +-- sparkles@1.0.0
74 silly currentTree +-- spdx-correct@1.0.2
74 silly currentTree +-- spdx-expression-parse@1.0.4
74 silly currentTree +-- spdx-license-ids@1.2.2
74 silly currentTree +-- sprintf-js@1.0.3
74 silly currentTree +-- squeak@1.3.0
74 silly currentTree +-- sshpk@1.13.0
74 silly currentTree | `-- assert-plus@1.0.0
74 silly currentTree +-- stat-mode@0.2.2
74 silly currentTree +-- stdout-stream@1.4.0
74 silly currentTree | +-- isarray@1.0.0
74 silly currentTree | +-- readable-stream@2.2.9
74 silly currentTree | `-- string_decoder@1.0.1
74 silly currentTree +-- stream-combiner2@1.1.1
74 silly currentTree | +-- duplexer2@0.1.4
74 silly currentTree | +-- isarray@1.0.0
74 silly currentTree | +-- readable-stream@2.2.9
74 silly currentTree | `-- string_decoder@1.0.1
74 silly currentTree +-- stream-consume@0.1.0
74 silly currentTree +-- stream-shift@1.0.0
74 silly currentTree +-- string_decoder@0.10.31
74 silly currentTree +-- string-width@1.0.2
74 silly currentTree +-- stringstream@0.0.5
74 silly currentTree +-- strip-ansi@3.0.1
74 silly currentTree +-- strip-bom-stream@1.0.0
74 silly currentTree | `-- strip-bom@2.0.0
74 silly currentTree +-- strip-bom@1.0.0
74 silly currentTree +-- strip-dirs@1.1.1
74 silly currentTree | +-- is-absolute@0.1.7
74 silly currentTree | `-- is-relative@0.1.3
74 silly currentTree +-- strip-eof@1.0.0
74 silly currentTree +-- strip-indent@1.0.1
74 silly currentTree +-- strip-json-comments@1.0.4
74 silly currentTree +-- strip-outer@1.0.0
74 silly currentTree +-- sum-up@1.0.3
74 silly currentTree +-- supports-color@2.0.0
74 silly currentTree +-- svgo@0.7.2
74 silly currentTree +-- tar-stream@1.5.4
74 silly currentTree | +-- end-of-stream@1.4.0
74 silly currentTree | +-- isarray@1.0.0
74 silly currentTree | +-- readable-stream@2.2.9
74 silly currentTree | `-- string_decoder@1.0.1
74 silly currentTree +-- tar@2.2.1
74 silly currentTree +-- tempfile@1.1.1
74 silly currentTree +-- through2-concurrent@1.1.1
74 silly currentTree +-- through2-filter@2.0.0
74 silly currentTree +-- through2@2.0.3
74 silly currentTree | +-- isarray@1.0.0
74 silly currentTree | +-- readable-stream@2.2.9
74 silly currentTree | `-- string_decoder@1.0.1
74 silly currentTree +-- tildify@1.2.0
74 silly currentTree +-- time-stamp@1.1.0
74 silly currentTree +-- timed-out@3.1.3
74 silly currentTree +-- to-absolute-glob@0.1.1
74 silly currentTree +-- tough-cookie@2.3.2
74 silly currentTree +-- trim-newlines@1.0.0
74 silly currentTree +-- trim-repeated@1.0.0
74 silly currentTree +-- try-json-parse@0.1.1
74 silly currentTree +-- tunnel-agent@0.4.3
74 silly currentTree +-- tweetnacl@0.14.5
74 silly currentTree +-- typedarray@0.0.6
74 silly currentTree +-- uglify-js@2.8.27
74 silly currentTree +-- uglify-save-license@0.4.1
74 silly currentTree +-- uglify-to-browserify@1.0.2
74 silly currentTree +-- unc-path-regex@0.1.2
74 silly currentTree +-- unique-stream@1.0.0
74 silly currentTree +-- unzip-response@1.0.2
74 silly currentTree +-- url-parse-lax@1.0.0
74 silly currentTree +-- url-regex@3.2.0
74 silly currentTree +-- user-home@1.1.1
74 silly currentTree +-- util-deprecate@1.0.2
74 silly currentTree +-- uuid@2.0.3
74 silly currentTree +-- v8flags@2.1.1
74 silly currentTree +-- vali-date@1.0.0
74 silly currentTree +-- validate-npm-package-license@3.0.1
74 silly currentTree +-- verror@1.3.6
74 silly currentTree +-- vinyl-assign@1.2.1
74 silly currentTree | +-- isarray@1.0.0
74 silly currentTree | +-- object-assign@4.1.1
74 silly currentTree | +-- readable-stream@2.2.9
74 silly currentTree | `-- string_decoder@1.0.1
74 silly currentTree +-- vinyl-bufferstream@1.0.1
74 silly currentTree +-- vinyl-fs@0.3.14
74 silly currentTree | +-- clone@0.2.0
74 silly currentTree | +-- readable-stream@1.0.34
74 silly currentTree | +-- through2@0.6.5
74 silly currentTree | `-- vinyl@0.4.6
74 silly currentTree +-- vinyl-sourcemaps-apply@0.2.1
74 silly currentTree +-- vinyl@0.5.3
74 silly currentTree +-- ware@1.3.0
74 silly currentTree +-- whet.extend@0.9.9
74 silly currentTree +-- which-module@1.0.0
74 silly currentTree +-- which@1.2.14
74 silly currentTree +-- wide-align@1.1.2
74 silly currentTree +-- window-size@0.1.0
74 silly currentTree +-- wordwrap@0.0.2
74 silly currentTree +-- wrap-ansi@2.1.0
74 silly currentTree +-- wrap-fn@0.1.5
74 silly currentTree +-- wrappy@1.0.2
74 silly currentTree +-- xtend@4.0.1
74 silly currentTree +-- y18n@3.2.1
74 silly currentTree +-- yallist@2.1.2
74 silly currentTree +-- yargs-parser@5.0.0
74 silly currentTree | `-- camelcase@3.0.0
74 silly currentTree +-- yargs@3.10.0
74 silly currentTree | `-- camelcase@1.2.1
74 silly currentTree `-- yauzl@2.8.0
75 silly idealTree app@1.0.0
75 silly idealTree +-- abbrev@1.1.0
75 silly idealTree +-- ajv@4.11.8
75 silly idealTree | `-- co@4.6.0
75 silly idealTree +-- align-text@0.1.4
75 silly idealTree +-- amdefine@1.0.1
75 silly idealTree +-- ansi-regex@2.1.1
75 silly idealTree +-- ansi-styles@2.2.1
75 silly idealTree +-- aproba@1.1.1
75 silly idealTree +-- archive-type@3.2.0
75 silly idealTree | `-- file-type@3.9.0
75 silly idealTree +-- archy@1.0.0
75 silly idealTree +-- are-we-there-yet@1.1.4
75 silly idealTree | +-- isarray@1.0.0
75 silly idealTree | +-- readable-stream@2.2.9
75 silly idealTree | `-- string_decoder@1.0.1
75 silly idealTree +-- argparse@1.0.9
75 silly idealTree +-- arr-diff@2.0.0
75 silly idealTree +-- arr-flatten@1.0.3
75 silly idealTree +-- array-differ@1.0.0
75 silly idealTree +-- array-find-index@1.0.2
75 silly idealTree +-- array-parallel@0.1.3
75 silly idealTree +-- array-series@0.1.5
75 silly idealTree +-- array-union@1.0.2
75 silly idealTree +-- array-uniq@1.0.3
75 silly idealTree +-- array-unique@0.2.1
75 silly idealTree +-- asn1@0.2.3
75 silly idealTree +-- assert-plus@0.2.0
75 silly idealTree +-- async-each-series@1.1.0
75 silly idealTree +-- async-foreach@0.1.3
75 silly idealTree +-- async@0.2.10
75 silly idealTree +-- asynckit@0.4.0
75 silly idealTree +-- autoprefixer@6.7.7
75 silly idealTree +-- aws-sign2@0.6.0
75 silly idealTree +-- aws4@1.6.0
75 silly idealTree +-- balanced-match@0.4.2
75 silly idealTree +-- bcrypt-pbkdf@1.0.1
75 silly idealTree +-- beeper@1.1.1
75 silly idealTree +-- bin-build@2.2.0
75 silly idealTree +-- bin-check@2.0.0
75 silly idealTree +-- bin-version-check@2.1.0
75 silly idealTree +-- bin-version@1.0.4
75 silly idealTree +-- bin-wrapper@3.0.2
75 silly idealTree +-- bl@1.2.1
75 silly idealTree | +-- isarray@1.0.0
75 silly idealTree | +-- readable-stream@2.2.9
75 silly idealTree | `-- string_decoder@1.0.1
75 silly idealTree +-- block-stream@0.0.9
75 silly idealTree +-- bluebird@3.5.0
75 silly idealTree +-- boom@2.10.1
75 silly idealTree +-- brace-expansion@1.1.7
75 silly idealTree +-- braces@1.8.5
75 silly idealTree +-- browserslist@1.7.7
75 silly idealTree +-- buffer-crc32@0.2.13
75 silly idealTree +-- buffer-shims@1.0.0
75 silly idealTree +-- buffer-to-vinyl@1.1.0
75 silly idealTree | +-- file-type@3.9.0
75 silly idealTree | +-- isarray@1.0.0
75 silly idealTree | +-- readable-stream@2.2.9
75 silly idealTree | +-- string_decoder@1.0.1
75 silly idealTree | `-- vinyl@1.2.0
75 silly idealTree +-- bufferstreams@1.0.1
75 silly idealTree +-- builtin-modules@1.1.1
75 silly idealTree +-- cache-swap@0.3.0
75 silly idealTree | +-- graceful-fs@4.1.11
75 silly idealTree | `-- object-assign@4.1.1
75 silly idealTree +-- camelcase-keys@2.1.0
75 silly idealTree +-- camelcase@2.1.1
75 silly idealTree +-- caniuse-db@1.0.30000676
75 silly idealTree +-- capture-stack-trace@1.0.0
75 silly idealTree +-- caseless@0.12.0
75 silly idealTree +-- caw@1.2.0
75 silly idealTree +-- center-align@0.1.3
75 silly idealTree +-- chalk@1.1.3
75 silly idealTree +-- clap@1.1.3
75 silly idealTree +-- clean-css@3.4.26
75 silly idealTree | `-- source-map@0.4.4
75 silly idealTree +-- cli@1.0.1
75 silly idealTree +-- cliui@2.1.0
75 silly idealTree +-- clone-buffer@1.0.0
75 silly idealTree +-- clone-stats@0.0.1
75 silly idealTree +-- clone@1.0.2
75 silly idealTree +-- cloneable-readable@1.0.0
75 silly idealTree +-- co@3.1.0
75 silly idealTree +-- coa@1.0.2
75 silly idealTree +-- code-point-at@1.1.0
75 silly idealTree +-- colors@1.1.2
75 silly idealTree +-- combined-stream@1.0.5
75 silly idealTree +-- commander@2.8.1
75 silly idealTree +-- concat-map@0.0.1
75 silly idealTree +-- concat-stream@1.6.0
75 silly idealTree | +-- isarray@1.0.0
75 silly idealTree | +-- readable-stream@2.2.9
75 silly idealTree | `-- string_decoder@1.0.1
75 silly idealTree +-- concat-with-sourcemaps@1.0.4
75 silly idealTree +-- console-browserify@1.1.0
75 silly idealTree +-- console-control-strings@1.1.0
75 silly idealTree +-- console-stream@0.1.1
75 silly idealTree +-- convert-source-map@1.5.0
75 silly idealTree +-- core-util-is@1.0.2
75 silly idealTree +-- create-error-class@3.0.2
75 silly idealTree +-- cross-spawn@4.0.2
75 silly idealTree | `-- lru-cache@4.0.2
75 silly idealTree +-- cryptiles@2.0.5
75 silly idealTree +-- csso@2.3.2
75 silly idealTree +-- currently-unhandled@0.4.1
75 silly idealTree +-- dargs@2.1.0
75 silly idealTree +-- dashdash@1.14.1
75 silly idealTree | `-- assert-plus@1.0.0
75 silly idealTree +-- date-now@0.1.4
75 silly idealTree +-- dateformat@2.0.0
75 silly idealTree +-- debug@2.2.0
75 silly idealTree +-- decamelize@1.2.0
75 silly idealTree +-- decompress-tar@3.1.0
75 silly idealTree | +-- clone@0.2.0
75 silly idealTree | +-- object-assign@2.1.1
75 silly idealTree | +-- readable-stream@1.0.34
75 silly idealTree | +-- through2@0.6.5
75 silly idealTree | `-- vinyl@0.4.6
75 silly idealTree +-- decompress-tarbz2@3.1.0
75 silly idealTree | +-- clone@0.2.0
75 silly idealTree | +-- object-assign@2.1.1
75 silly idealTree | +-- readable-stream@1.0.34
75 silly idealTree | +-- through2@0.6.5
75 silly idealTree | `-- vinyl@0.4.6
75 silly idealTree +-- decompress-targz@3.1.0
75 silly idealTree | +-- clone@0.2.0
75 silly idealTree | +-- object-assign@2.1.1
75 silly idealTree | +-- readable-stream@1.0.34
75 silly idealTree | +-- through2@0.6.5
75 silly idealTree | `-- vinyl@0.4.6
75 silly idealTree +-- decompress-unzip@3.4.0
75 silly idealTree | `-- vinyl@1.2.0
75 silly idealTree +-- decompress@3.0.0
75 silly idealTree | +-- glob-parent@3.1.0
75 silly idealTree | +-- glob-stream@5.3.5
75 silly idealTree | | +-- isarray@0.0.1
75 silly idealTree | | +-- readable-stream@1.0.34
75 silly idealTree | | +-- string_decoder@0.10.31
75 silly idealTree | | `-- through2@0.6.5
75 silly idealTree | +-- glob@5.0.15
75 silly idealTree | +-- graceful-fs@4.1.11
75 silly idealTree | +-- is-extglob@2.1.1
75 silly idealTree | +-- is-glob@3.1.0
75 silly idealTree | +-- isarray@1.0.0
75 silly idealTree | +-- object-assign@4.1.1
75 silly idealTree | +-- ordered-read-streams@0.3.0
75 silly idealTree | +-- readable-stream@2.2.9
75 silly idealTree | +-- string_decoder@1.0.1
75 silly idealTree | +-- strip-bom@2.0.0
75 silly idealTree | +-- unique-stream@2.2.1
75 silly idealTree | +-- vinyl-fs@2.4.4
75 silly idealTree | `-- vinyl@1.2.0
75 silly idealTree +-- deep-extend@0.4.2
75 silly idealTree +-- defaults@1.0.3
75 silly idealTree +-- delayed-stream@1.0.0
75 silly idealTree +-- delegates@1.0.0
75 silly idealTree +-- deprecated@0.0.1
75 silly idealTree +-- detect-file@0.1.0
75 silly idealTree +-- dom-serializer@0.1.0
75 silly idealTree | +-- domelementtype@1.1.3
75 silly idealTree | `-- entities@1.1.1
75 silly idealTree +-- domelementtype@1.3.0
75 silly idealTree +-- domhandler@2.3.0
75 silly idealTree +-- domutils@1.5.1
75 silly idealTree +-- download@4.4.3
75 silly idealTree | +-- glob-parent@3.1.0
75 silly idealTree | +-- glob-stream@5.3.5
75 silly idealTree | | +-- isarray@0.0.1
75 silly idealTree | | +-- readable-stream@1.0.34
75 silly idealTree | | +-- string_decoder@0.10.31
75 silly idealTree | | `-- through2@0.6.5
75 silly idealTree | +-- glob@5.0.15
75 silly idealTree | +-- graceful-fs@4.1.11
75 silly idealTree | +-- is-extglob@2.1.1
75 silly idealTree | +-- is-glob@3.1.0
75 silly idealTree | +-- isarray@1.0.0
75 silly idealTree | +-- object-assign@4.1.1
75 silly idealTree | +-- ordered-read-streams@0.3.0
75 silly idealTree | +-- readable-stream@2.2.9
75 silly idealTree | +-- string_decoder@1.0.1
75 silly idealTree | +-- strip-bom@2.0.0
75 silly idealTree | +-- unique-stream@2.2.1
75 silly idealTree | +-- vinyl-fs@2.4.4
75 silly idealTree | `-- vinyl@1.2.0
75 silly idealTree +-- duplexer2@0.0.2
75 silly idealTree +-- duplexify@3.5.0
75 silly idealTree | +-- end-of-stream@1.0.0
75 silly idealTree | +-- isarray@1.0.0
75 silly idealTree | +-- once@1.3.3
75 silly idealTree | +-- readable-stream@2.2.9
75 silly idealTree | `-- string_decoder@1.0.1
75 silly idealTree +-- each-async@1.1.1
75 silly idealTree +-- ecc-jsbn@0.1.1
75 silly idealTree +-- electron-to-chromium@1.3.13
75 silly idealTree +-- end-of-stream@0.1.5
75 silly idealTree | `-- once@1.3.3
75 silly idealTree +-- entities@1.0.0
75 silly idealTree +-- error-ex@1.3.1
75 silly idealTree +-- escape-string-regexp@1.0.5
75 silly idealTree +-- esprima@2.7.3
75 silly idealTree +-- exec-buffer@3.1.0
75 silly idealTree +-- exec-series@1.0.3
75 silly idealTree | `-- object-assign@4.1.1
75 silly idealTree +-- execa@0.5.1
75 silly idealTree +-- executable@1.1.0
75 silly idealTree +-- exit@0.1.2
75 silly idealTree +-- expand-brackets@0.1.5
75 silly idealTree +-- expand-range@1.8.2
75 silly idealTree +-- expand-tilde@1.2.2
75 silly idealTree +-- extend-shallow@2.0.1
75 silly idealTree +-- extend@3.0.1
75 silly idealTree +-- extglob@0.3.2
75 silly idealTree +-- extsprintf@1.0.2
75 silly idealTree +-- fancy-log@1.3.0
75 silly idealTree +-- fd-slicer@1.0.1
75 silly idealTree +-- figures@1.7.0
75 silly idealTree | `-- object-assign@4.1.1
75 silly idealTree +-- file-type@4.3.0
75 silly idealTree +-- filename-regex@2.0.1
75 silly idealTree +-- filename-reserved-regex@1.0.0
75 silly idealTree +-- filenamify@1.2.1
75 silly idealTree +-- fill-range@2.2.3
75 silly idealTree +-- find-index@0.1.1
75 silly idealTree +-- find-up@1.1.2
75 silly idealTree +-- find-versions@1.2.1
75 silly idealTree +-- findup-sync@0.4.3
75 silly idealTree +-- fined@1.0.2
75 silly idealTree +-- first-chunk-stream@1.0.0
75 silly idealTree +-- flagged-respawn@0.3.2
75 silly idealTree +-- for-in@1.0.2
75 silly idealTree +-- for-own@0.1.5
75 silly idealTree +-- forever-agent@0.6.1
75 silly idealTree +-- form-data@2.1.4
75 silly idealTree +-- fs-exists-sync@0.1.0
75 silly idealTree +-- fs.realpath@1.0.0
75 silly idealTree +-- fstream@1.0.11
75 silly idealTree | `-- graceful-fs@4.1.11
75 silly idealTree +-- gauge@2.7.4
75 silly idealTree | `-- object-assign@4.1.1
75 silly idealTree +-- gaze@0.5.2
75 silly idealTree +-- get-caller-file@1.0.2
75 silly idealTree +-- get-proxy@1.1.0
75 silly idealTree +-- get-stdin@4.0.1
75 silly idealTree +-- get-stream@2.3.1
75 silly idealTree | `-- object-assign@4.1.1
75 silly idealTree +-- getpass@0.1.7
75 silly idealTree | `-- assert-plus@1.0.0
75 silly idealTree +-- gifsicle@3.0.4
75 silly idealTree +-- glob-base@0.3.0
75 silly idealTree +-- glob-parent@2.0.0
75 silly idealTree +-- glob-stream@3.1.18
75 silly idealTree | +-- glob@4.5.3
75 silly idealTree | +-- minimatch@2.0.10
75 silly idealTree | +-- readable-stream@1.0.34
75 silly idealTree | `-- through2@0.6.5
75 silly idealTree +-- glob-watcher@0.0.6
75 silly idealTree +-- glob@7.1.2
75 silly idealTree +-- glob2base@0.0.12
75 silly idealTree +-- global-modules@0.2.3
75 silly idealTree +-- global-prefix@0.1.5
75 silly idealTree +-- globby@6.1.0
75 silly idealTree | `-- object-assign@4.1.1
75 silly idealTree +-- globule@0.1.0
75 silly idealTree | +-- glob@3.1.21
75 silly idealTree | +-- graceful-fs@1.2.3
75 silly idealTree | +-- inherits@1.0.2
75 silly idealTree | `-- minimatch@0.2.14
75 silly idealTree +-- glogg@1.0.0
75 silly idealTree +-- gm@1.23.0
75 silly idealTree +-- got@5.7.1
75 silly idealTree | +-- duplexer2@0.1.4
75 silly idealTree | +-- isarray@1.0.0
75 silly idealTree | +-- object-assign@4.1.1
75 silly idealTree | +-- readable-stream@2.2.9
75 silly idealTree | `-- string_decoder@1.0.1
75 silly idealTree +-- graceful-fs@3.0.11
75 silly idealTree +-- graceful-readlink@1.0.1
75 silly idealTree +-- graphicsmagick@0.0.1
75 silly idealTree +-- growly@1.3.0
75 silly idealTree +-- gulp-autoprefixer@3.1.1
75 silly idealTree +-- gulp-cache@0.4.6
75 silly idealTree | +-- isarray@1.0.0
75 silly idealTree | +-- object-assign@4.1.1
75 silly idealTree | +-- readable-stream@2.2.9
75 silly idealTree | +-- string_decoder@1.0.1
75 silly idealTree | `-- vinyl@1.2.0
75 silly idealTree +-- gulp-concat@2.6.1
75 silly idealTree | +-- clone-stats@1.0.0
75 silly idealTree | +-- replace-ext@1.0.0
75 silly idealTree | `-- vinyl@2.0.2
75 silly idealTree +-- gulp-decompress@1.2.0
75 silly idealTree | +-- isarray@1.0.0
75 silly idealTree | +-- readable-stream@2.2.9
75 silly idealTree | `-- string_decoder@1.0.1
75 silly idealTree +-- gulp-gm@0.0.8
75 silly idealTree | +-- ansi-regex@0.2.1
75 silly idealTree | +-- ansi-styles@1.1.0
75 silly idealTree | +-- chalk@0.5.1
75 silly idealTree | +-- dateformat@1.0.12
75 silly idealTree | +-- gulp-util@2.2.20
75 silly idealTree | | `-- through2@0.5.1
75 silly idealTree | +-- has-ansi@0.1.0
75 silly idealTree | +-- lodash._reinterpolate@2.4.1
75 silly idealTree | +-- lodash.escape@2.4.1
75 silly idealTree | +-- lodash.isobject@2.4.1
75 silly idealTree | +-- lodash.keys@2.4.1
75 silly idealTree | +-- lodash.template@2.4.1
75 silly idealTree | +-- lodash.templatesettings@2.4.1
75 silly idealTree | +-- minimist@0.2.0
75 silly idealTree | +-- readable-stream@1.0.34
75 silly idealTree | +-- strip-ansi@0.3.0
75 silly idealTree | +-- supports-color@0.2.0
75 silly idealTree | +-- through2@0.4.2
75 silly idealTree | | `-- xtend@2.1.2
75 silly idealTree | +-- vinyl@0.2.3
75 silly idealTree | `-- xtend@3.0.0
75 silly idealTree +-- gulp-image-resize@0.12.0
75 silly idealTree | +-- lodash@2.4.2
75 silly idealTree | +-- readable-stream@1.0.34
75 silly idealTree | +-- through2@0.4.2
75 silly idealTree | `-- xtend@2.1.2
75 silly idealTree +-- gulp-imagemin@3.2.0
75 silly idealTree +-- gulp-jshint@2.0.4
75 silly idealTree | `-- lodash@4.17.4
75 silly idealTree +-- gulp-minify-css@1.2.4
75 silly idealTree | +-- isarray@1.0.0
75 silly idealTree | +-- object-assign@4.1.1
75 silly idealTree | +-- readable-stream@2.2.9
75 silly idealTree | `-- string_decoder@1.0.1
75 silly idealTree +-- gulp-notify@3.0.0
75 silly idealTree | +-- lodash.template@4.4.0
75 silly idealTree | `-- lodash.templatesettings@4.1.0
75 silly idealTree +-- gulp-rename@1.2.2
75 silly idealTree +-- gulp-ruby-sass@2.1.1
75 silly idealTree | +-- cross-spawn@5.1.0
75 silly idealTree | +-- lru-cache@4.0.2
75 silly idealTree | `-- object-assign@4.1.1
75 silly idealTree +-- gulp-sass@3.1.0
75 silly idealTree +-- gulp-sourcemaps@1.6.0
75 silly idealTree | +-- graceful-fs@4.1.11
75 silly idealTree | +-- strip-bom@2.0.0
75 silly idealTree | `-- vinyl@1.2.0
75 silly idealTree +-- gulp-uglify@2.1.2
75 silly idealTree | `-- lodash@4.17.4
75 silly idealTree +-- gulp-util@3.0.8
75 silly idealTree +-- gulp@3.9.1
75 silly idealTree +-- gulplog@1.0.0
75 silly idealTree +-- har-schema@1.0.5
75 silly idealTree +-- har-validator@4.2.1
75 silly idealTree +-- has-ansi@2.0.0
75 silly idealTree +-- has-flag@1.0.0
75 silly idealTree +-- has-gulplog@0.1.0
75 silly idealTree +-- has-unicode@2.0.1
75 silly idealTree +-- hawk@3.1.3
75 silly idealTree +-- hoek@2.16.3
75 silly idealTree +-- homedir-polyfill@1.0.1
75 silly idealTree +-- hosted-git-info@2.4.2
75 silly idealTree +-- html-comment-regex@1.1.1
75 silly idealTree +-- htmlparser2@3.8.3
75 silly idealTree +-- http-signature@1.1.1
75 silly idealTree +-- imagemagick@0.1.3
75 silly idealTree +-- imagemin-gifsicle@5.1.0
75 silly idealTree +-- imagemin-jpegtran@5.0.2
75 silly idealTree +-- imagemin-optipng@5.2.1
75 silly idealTree +-- imagemin-svgo@5.2.2
75 silly idealTree +-- imagemin@5.3.1
75 silly idealTree | `-- replace-ext@1.0.0
75 silly idealTree +-- in-publish@2.0.0
75 silly idealTree +-- indent-string@2.1.0
75 silly idealTree +-- inflight@1.0.6
75 silly idealTree +-- inherits@2.0.3
75 silly idealTree +-- ini@1.3.4
75 silly idealTree +-- interpret@1.0.3
75 silly idealTree +-- invert-kv@1.0.0
75 silly idealTree +-- ip-regex@1.0.3
75 silly idealTree +-- irregular-plurals@1.2.0
75 silly idealTree +-- is-absolute@0.2.6
75 silly idealTree +-- is-arrayish@0.2.1
75 silly idealTree +-- is-buffer@1.1.5
75 silly idealTree +-- is-builtin-module@1.0.0
75 silly idealTree +-- is-bzip2@1.0.0
75 silly idealTree +-- is-dotfile@1.0.2
75 silly idealTree +-- is-equal-shallow@0.1.3
75 silly idealTree +-- is-extendable@0.1.1
75 silly idealTree +-- is-extglob@1.0.0
75 silly idealTree +-- is-finite@1.0.2
75 silly idealTree +-- is-fullwidth-code-point@1.0.0
75 silly idealTree +-- is-gif@1.0.0
75 silly idealTree +-- is-glob@2.0.1
75 silly idealTree +-- is-gzip@1.0.0
75 silly idealTree +-- is-jpg@1.0.0
75 silly idealTree +-- is-natural-number@2.1.1
75 silly idealTree +-- is-number@2.1.0
75 silly idealTree +-- is-obj@1.0.1
75 silly idealTree +-- is-png@1.1.0
75 silly idealTree +-- is-posix-bracket@0.1.1
75 silly idealTree +-- is-primitive@2.0.0
75 silly idealTree +-- is-redirect@1.0.0
75 silly idealTree +-- is-relative@0.2.1
75 silly idealTree +-- is-retry-allowed@1.1.0
75 silly idealTree +-- is-stream@1.1.0
75 silly idealTree +-- is-svg@2.1.0
75 silly idealTree +-- is-tar@1.0.0
75 silly idealTree +-- is-typedarray@1.0.0
75 silly idealTree +-- is-unc-path@0.1.2
75 silly idealTree +-- is-url@1.2.2
75 silly idealTree +-- is-utf8@0.2.1
75 silly idealTree +-- is-valid-glob@0.3.0
75 silly idealTree +-- is-windows@0.2.0
75 silly idealTree +-- is-zip@1.0.0
75 silly idealTree +-- is@3.2.1
75 silly idealTree +-- isarray@0.0.1
75 silly idealTree +-- isexe@2.0.0
75 silly idealTree +-- isobject@2.1.0
75 silly idealTree | `-- isarray@1.0.0
75 silly idealTree +-- isstream@0.1.2
75 silly idealTree +-- jodid25519@1.0.2
75 silly idealTree +-- jpegtran-bin@3.2.0
75 silly idealTree +-- js-base64@2.1.9
75 silly idealTree +-- js-yaml@3.7.0
75 silly idealTree +-- jsbn@0.1.1
75 silly idealTree +-- jshint@2.9.4
75 silly idealTree | `-- lodash@3.7.0
75 silly idealTree +-- json-schema@0.2.3
75 silly idealTree +-- json-stable-stringify@1.0.1
75 silly idealTree +-- json-stringify-safe@5.0.1
75 silly idealTree +-- jsonify@0.0.0
75 silly idealTree +-- jsprim@1.4.0
75 silly idealTree | `-- assert-plus@1.0.0
75 silly idealTree +-- kind-of@3.2.2
75 silly idealTree +-- lazy-cache@1.0.4
75 silly idealTree +-- lazy-req@1.1.0
75 silly idealTree +-- lazystream@1.0.0
75 silly idealTree | +-- isarray@1.0.0
75 silly idealTree | +-- readable-stream@2.2.9
75 silly idealTree | `-- string_decoder@1.0.1
75 silly idealTree +-- lcid@1.0.0
75 silly idealTree +-- liftoff@2.3.0
75 silly idealTree +-- load-json-file@1.1.0
75 silly idealTree | +-- graceful-fs@4.1.11
75 silly idealTree | `-- strip-bom@2.0.0
75 silly idealTree +-- lodash._basecopy@3.0.1
75 silly idealTree +-- lodash._basetostring@3.0.1
75 silly idealTree +-- lodash._basevalues@3.0.0
75 silly idealTree +-- lodash._escapehtmlchar@2.4.1
75 silly idealTree +-- lodash._escapestringchar@2.4.1
75 silly idealTree +-- lodash._getnative@3.9.1
75 silly idealTree +-- lodash._htmlescapes@2.4.1
75 silly idealTree +-- lodash._isiterateecall@3.0.9
75 silly idealTree +-- lodash._isnative@2.4.1
75 silly idealTree +-- lodash._objecttypes@2.4.1
75 silly idealTree +-- lodash._reescape@3.0.0
75 silly idealTree +-- lodash._reevaluate@3.0.0
75 silly idealTree +-- lodash._reinterpolate@3.0.0
75 silly idealTree +-- lodash._reunescapedhtml@2.4.1
75 silly idealTree | +-- lodash.isobject@2.4.1
75 silly idealTree | `-- lodash.keys@2.4.1
75 silly idealTree +-- lodash._root@3.0.1
75 silly idealTree +-- lodash._shimkeys@2.4.1
75 silly idealTree +-- lodash.assign@4.2.0
75 silly idealTree +-- lodash.assignwith@4.2.0
75 silly idealTree +-- lodash.clonedeep@4.5.0
75 silly idealTree +-- lodash.defaults@2.4.1
75 silly idealTree | +-- lodash.isobject@2.4.1
75 silly idealTree | `-- lodash.keys@2.4.1
75 silly idealTree +-- lodash.escape@3.2.0
75 silly idealTree +-- lodash.isarguments@3.1.0
75 silly idealTree +-- lodash.isarray@3.0.4
75 silly idealTree +-- lodash.isempty@4.4.0
75 silly idealTree +-- lodash.isequal@4.5.0
75 silly idealTree +-- lodash.isobject@3.0.2
75 silly idealTree +-- lodash.isplainobject@4.0.6
75 silly idealTree +-- lodash.isstring@4.0.1
75 silly idealTree +-- lodash.keys@3.1.2
75 silly idealTree +-- lodash.mapvalues@4.6.0
75 silly idealTree +-- lodash.merge@4.6.0
75 silly idealTree +-- lodash.mergewith@4.6.0
75 silly idealTree +-- lodash.pick@4.4.0
75 silly idealTree +-- lodash.restparam@3.6.1
75 silly idealTree +-- lodash.template@3.6.2
75 silly idealTree +-- lodash.templatesettings@3.1.1
75 silly idealTree +-- lodash.values@2.4.1
75 silly idealTree | +-- lodash.isobject@2.4.1
75 silly idealTree | `-- lodash.keys@2.4.1
75 silly idealTree +-- lodash@1.0.2
75 silly idealTree +-- logalot@2.1.0
75 silly idealTree +-- longest@1.0.1
75 silly idealTree +-- loud-rejection@1.6.0
75 silly idealTree +-- lowercase-keys@1.0.0
75 silly idealTree +-- lpad-align@1.1.2
75 silly idealTree +-- lru-cache@2.7.3
75 silly idealTree +-- make-dir@1.0.0
75 silly idealTree +-- make-error-cause@1.2.2
75 silly idealTree +-- make-error@1.3.0
75 silly idealTree +-- map-cache@0.2.2
75 silly idealTree +-- map-obj@1.0.1
75 silly idealTree +-- md5-hex@1.3.0
75 silly idealTree +-- md5-o-matic@0.1.1
75 silly idealTree +-- meow@3.7.0
75 silly idealTree | `-- object-assign@4.1.1
75 silly idealTree +-- merge-stream@1.0.1
75 silly idealTree | +-- isarray@1.0.0
75 silly idealTree | +-- readable-stream@2.2.9
75 silly idealTree | `-- string_decoder@1.0.1
75 silly idealTree +-- micromatch@2.3.11
75 silly idealTree +-- mime-db@1.27.0
75 silly idealTree +-- mime-types@2.1.15
75 silly idealTree +-- minimatch@3.0.4
75 silly idealTree +-- minimist@1.2.0
75 silly idealTree +-- mkdirp@0.5.1
75 silly idealTree | `-- minimist@0.0.8
75 silly idealTree +-- ms@0.7.1
75 silly idealTree +-- multipipe@0.1.2
75 silly idealTree +-- nan@2.6.2
75 silly idealTree +-- natives@1.1.0
75 silly idealTree +-- node-gyp@3.6.1
75 silly idealTree | +-- graceful-fs@4.1.11
75 silly idealTree | `-- semver@5.3.0
75 silly idealTree +-- node-notifier@5.1.2
75 silly idealTree | `-- semver@5.3.0
75 silly idealTree +-- node-sass@4.5.3
75 silly idealTree | +-- cross-spawn@3.0.1
75 silly idealTree | +-- gaze@1.1.2
75 silly idealTree | +-- globule@1.1.0
75 silly idealTree | +-- lodash@4.16.6
75 silly idealTree | `-- lru-cache@4.0.2
75 silly idealTree +-- node-status-codes@1.0.0
75 silly idealTree +-- node.extend@1.1.6
75 silly idealTree +-- nopt@3.0.6
75 silly idealTree +-- normalize-package-data@2.3.8
75 silly idealTree +-- normalize-path@2.1.1
75 silly idealTree +-- normalize-range@0.1.2
75 silly idealTree +-- npm-run-path@2.0.2
75 silly idealTree +-- npmlog@4.1.0
75 silly idealTree +-- num2fraction@1.2.2
75 silly idealTree +-- number-is-nan@1.0.1
75 silly idealTree +-- oauth-sign@0.8.2
75 silly idealTree +-- object-assign@3.0.0
75 silly idealTree +-- object-keys@0.4.0
75 silly idealTree +-- object.omit@2.0.1
75 silly idealTree +-- object.pick@1.2.0
75 silly idealTree +-- once@1.4.0
75 silly idealTree +-- onetime@1.1.0
75 silly idealTree +-- optipng-bin@3.1.4
75 silly idealTree +-- orchestrator@0.3.8
75 silly idealTree +-- ordered-read-streams@0.1.0
75 silly idealTree +-- os-filter-obj@1.0.3
75 silly idealTree +-- os-homedir@1.0.2
75 silly idealTree +-- os-locale@1.4.0
75 silly idealTree +-- os-tmpdir@1.0.2
75 silly idealTree +-- osenv@0.1.4
75 silly idealTree +-- p-finally@1.0.0
75 silly idealTree +-- p-pipe@1.1.0
75 silly idealTree +-- parse-filepath@1.0.1
75 silly idealTree +-- parse-glob@3.0.4
75 silly idealTree +-- parse-json@2.2.0
75 silly idealTree +-- parse-passwd@1.0.0
75 silly idealTree +-- path-dirname@1.0.2
75 silly idealTree +-- path-exists@2.1.0
75 silly idealTree +-- path-is-absolute@1.0.1
75 silly idealTree +-- path-key@2.0.1
75 silly idealTree +-- path-parse@1.0.5
75 silly idealTree +-- path-root-regex@0.1.2
75 silly idealTree +-- path-root@0.1.1
75 silly idealTree +-- path-type@1.1.0
75 silly idealTree | `-- graceful-fs@4.1.11
75 silly idealTree +-- pend@1.2.0
75 silly idealTree +-- performance-now@0.2.0
75 silly idealTree +-- pify@2.3.0
75 silly idealTree +-- pinkie-promise@2.0.1
75 silly idealTree +-- pinkie@2.0.4
75 silly idealTree +-- plur@2.1.2
75 silly idealTree +-- postcss-value-parser@3.3.0
75 silly idealTree +-- postcss@5.2.17
75 silly idealTree | `-- supports-color@3.2.3
75 silly idealTree +-- prepend-http@1.0.4
75 silly idealTree +-- preserve@0.2.0
75 silly idealTree +-- pretty-bytes@4.0.2
75 silly idealTree +-- pretty-hrtime@1.0.3
75 silly idealTree +-- process-nextick-args@1.0.7
75 silly idealTree +-- pseudomap@1.0.2
75 silly idealTree +-- punycode@1.4.1
75 silly idealTree +-- q@1.5.0
75 silly idealTree +-- qs@6.4.0
75 silly idealTree +-- randomatic@1.1.6
75 silly idealTree +-- rc@1.2.1
75 silly idealTree | `-- strip-json-comments@2.0.1
75 silly idealTree +-- rcfinder@0.1.9
75 silly idealTree +-- rcloader@0.2.2
75 silly idealTree +-- read-all-stream@3.1.0
75 silly idealTree | +-- isarray@1.0.0
75 silly idealTree | +-- readable-stream@2.2.9
75 silly idealTree | `-- string_decoder@1.0.1
75 silly idealTree +-- read-pkg-up@1.0.1
75 silly idealTree +-- read-pkg@1.1.0
75 silly idealTree +-- readable-stream@1.1.14
75 silly idealTree +-- rechoir@0.6.2
75 silly idealTree +-- redent@1.0.0
75 silly idealTree +-- regex-cache@0.4.3
75 silly idealTree +-- remove-trailing-separator@1.0.1
75 silly idealTree +-- repeat-element@1.1.2
75 silly idealTree +-- repeat-string@1.6.1
75 silly idealTree +-- repeating@2.0.1
75 silly idealTree +-- replace-ext@0.0.1
75 silly idealTree +-- request@2.81.0
75 silly idealTree | +-- tunnel-agent@0.6.0
75 silly idealTree | `-- uuid@3.0.1
75 silly idealTree +-- require-directory@2.1.1
75 silly idealTree +-- require-main-filename@1.0.1
75 silly idealTree +-- resolve-dir@0.1.1
75 silly idealTree +-- resolve@1.3.3
75 silly idealTree +-- right-align@0.1.3
75 silly idealTree +-- rimraf@2.6.1
75 silly idealTree +-- safe-buffer@5.0.1
75 silly idealTree +-- sass-graph@2.2.4
75 silly idealTree | +-- camelcase@3.0.0
75 silly idealTree | +-- cliui@3.2.0
75 silly idealTree | +-- lodash@4.17.4
75 silly idealTree | `-- yargs@7.1.0
75 silly idealTree +-- sax@1.2.2
75 silly idealTree +-- scss-tokenizer@0.2.3
75 silly idealTree | `-- source-map@0.4.4
75 silly idealTree +-- seek-bzip@1.0.5
75 silly idealTree +-- semver-regex@1.0.0
75 silly idealTree +-- semver-truncate@1.1.2
75 silly idealTree | `-- semver@5.3.0
75 silly idealTree +-- semver@4.3.6
75 silly idealTree +-- sequencify@0.0.7
75 silly idealTree +-- set-blocking@2.0.0
75 silly idealTree +-- set-immediate-shim@1.0.1
75 silly idealTree +-- shebang-command@1.2.0
75 silly idealTree +-- shebang-regex@1.0.0
75 silly idealTree +-- shelljs@0.3.0
75 silly idealTree +-- shellwords@0.1.0
75 silly idealTree +-- sigmund@1.0.1
75 silly idealTree +-- signal-exit@3.0.2
75 silly idealTree +-- sntp@1.0.9
75 silly idealTree +-- source-map@0.5.6
75 silly idealTree +-- sparkles@1.0.0
75 silly idealTree +-- spdx-correct@1.0.2
75 silly idealTree +-- spdx-expression-parse@1.0.4
75 silly idealTree +-- spdx-license-ids@1.2.2
75 silly idealTree +-- sprintf-js@1.0.3
75 silly idealTree +-- squeak@1.3.0
75 silly idealTree +-- sshpk@1.13.0
75 silly idealTree | `-- assert-plus@1.0.0
75 silly idealTree +-- stat-mode@0.2.2
75 silly idealTree +-- stdout-stream@1.4.0
75 silly idealTree | +-- isarray@1.0.0
75 silly idealTree | +-- readable-stream@2.2.9
75 silly idealTree | `-- string_decoder@1.0.1
75 silly idealTree +-- stream-combiner2@1.1.1
75 silly idealTree | +-- duplexer2@0.1.4
75 silly idealTree | +-- isarray@1.0.0
75 silly idealTree | +-- readable-stream@2.2.9
75 silly idealTree | `-- string_decoder@1.0.1
75 silly idealTree +-- stream-consume@0.1.0
75 silly idealTree +-- stream-shift@1.0.0
75 silly idealTree +-- string_decoder@0.10.31
75 silly idealTree +-- string-width@1.0.2
75 silly idealTree +-- stringstream@0.0.5
75 silly idealTree +-- strip-ansi@3.0.1
75 silly idealTree +-- strip-bom-stream@1.0.0
75 silly idealTree | `-- strip-bom@2.0.0
75 silly idealTree +-- strip-bom@1.0.0
75 silly idealTree +-- strip-dirs@1.1.1
75 silly idealTree | +-- is-absolute@0.1.7
75 silly idealTree | `-- is-relative@0.1.3
75 silly idealTree +-- strip-eof@1.0.0
75 silly idealTree +-- strip-indent@1.0.1
75 silly idealTree +-- strip-json-comments@1.0.4
75 silly idealTree +-- strip-outer@1.0.0
75 silly idealTree +-- sum-up@1.0.3
75 silly idealTree +-- supports-color@2.0.0
75 silly idealTree +-- svgo@0.7.2
75 silly idealTree +-- tar-stream@1.5.4
75 silly idealTree | +-- end-of-stream@1.4.0
75 silly idealTree | +-- isarray@1.0.0
75 silly idealTree | +-- readable-stream@2.2.9
75 silly idealTree | `-- string_decoder@1.0.1
75 silly idealTree +-- tar@2.2.1
75 silly idealTree +-- tempfile@1.1.1
75 silly idealTree +-- through2-concurrent@1.1.1
75 silly idealTree +-- through2-filter@2.0.0
75 silly idealTree +-- through2@2.0.3
75 silly idealTree | +-- isarray@1.0.0
75 silly idealTree | +-- readable-stream@2.2.9
75 silly idealTree | `-- string_decoder@1.0.1
75 silly idealTree +-- tildify@1.2.0
75 silly idealTree +-- time-stamp@1.1.0
75 silly idealTree +-- timed-out@3.1.3
75 silly idealTree +-- to-absolute-glob@0.1.1
75 silly idealTree +-- tough-cookie@2.3.2
75 silly idealTree +-- trim-newlines@1.0.0
75 silly idealTree +-- trim-repeated@1.0.0
75 silly idealTree +-- try-json-parse@0.1.1
75 silly idealTree +-- tunnel-agent@0.4.3
75 silly idealTree +-- tweetnacl@0.14.5
75 silly idealTree +-- typedarray@0.0.6
75 silly idealTree +-- uglify-js@2.8.27
75 silly idealTree +-- uglify-save-license@0.4.1
75 silly idealTree +-- uglify-to-browserify@1.0.2
75 silly idealTree +-- unc-path-regex@0.1.2
75 silly idealTree +-- unique-stream@1.0.0
75 silly idealTree +-- unzip-response@1.0.2
75 silly idealTree +-- url-parse-lax@1.0.0
75 silly idealTree +-- url-regex@3.2.0
75 silly idealTree +-- user-home@1.1.1
75 silly idealTree +-- util-deprecate@1.0.2
75 silly idealTree +-- uuid@2.0.3
75 silly idealTree +-- v8flags@2.1.1
75 silly idealTree +-- vali-date@1.0.0
75 silly idealTree +-- validate-npm-package-license@3.0.1
75 silly idealTree +-- verror@1.3.6
75 silly idealTree +-- vinyl-assign@1.2.1
75 silly idealTree | +-- isarray@1.0.0
75 silly idealTree | +-- object-assign@4.1.1
75 silly idealTree | +-- readable-stream@2.2.9
75 silly idealTree | `-- string_decoder@1.0.1
75 silly idealTree +-- vinyl-bufferstream@1.0.1
75 silly idealTree +-- vinyl-fs@0.3.14
75 silly idealTree | +-- clone@0.2.0
75 silly idealTree | +-- readable-stream@1.0.34
75 silly idealTree | +-- through2@0.6.5
75 silly idealTree | `-- vinyl@0.4.6
75 silly idealTree +-- vinyl-sourcemaps-apply@0.2.1
75 silly idealTree +-- vinyl@0.5.3
75 silly idealTree +-- ware@1.3.0
75 silly idealTree +-- whet.extend@0.9.9
75 silly idealTree +-- which-module@1.0.0
75 silly idealTree +-- which@1.2.14
75 silly idealTree +-- wide-align@1.1.2
75 silly idealTree +-- window-size@0.1.0
75 silly idealTree +-- wordwrap@0.0.2
75 silly idealTree +-- wrap-ansi@2.1.0
75 silly idealTree +-- wrap-fn@0.1.5
75 silly idealTree +-- wrappy@1.0.2
75 silly idealTree +-- xtend@4.0.1
75 silly idealTree +-- y18n@3.2.1
75 silly idealTree +-- yallist@2.1.2
75 silly idealTree +-- yargs-parser@5.0.0
75 silly idealTree | `-- camelcase@3.0.0
75 silly idealTree +-- yargs@3.10.0
75 silly idealTree | `-- camelcase@1.2.1
75 silly idealTree `-- yauzl@2.8.0
76 silly generateActionsToTake Starting
77 silly install generateActionsToTake
78 silly generateActionsToTake Finishing
79 silly diffTrees action count 1
80 silly diffTrees add graphicsmagick@0.0.1
81 silly decomposeActions action count 8
82 silly decomposeActions fetch graphicsmagick@0.0.1
83 silly decomposeActions extract graphicsmagick@0.0.1
84 silly decomposeActions test graphicsmagick@0.0.1
85 silly decomposeActions preinstall graphicsmagick@0.0.1
86 silly decomposeActions build graphicsmagick@0.0.1
87 silly decomposeActions install graphicsmagick@0.0.1
88 silly decomposeActions postinstall graphicsmagick@0.0.1
89 silly decomposeActions finalize graphicsmagick@0.0.1
90 silly runTopLevelLifecycles Starting
91 silly executeActions Starting
92 silly install executeActions
93 silly doSerial global-install 0
94 silly doParallel fetch 1
95 verbose correctMkdir C:\Users\jesus\AppData\Roaming\npm-cache\_locks correctMkdir not in flight; initializing
96 verbose lock using C:\Users\jesus\AppData\Roaming\npm-cache\_locks\staging-327778ed26e3939a.lock for D:\lamp\www\happybirthdaydanielle\node_modules\.staging
97 silly doParallel extract 1
98 silly extract graphicsmagick@0.0.1
99 verbose unbuild node_modules\.staging\graphicsmagick-f5c6a401
100 silly gentlyRm D:\lamp\www\happybirthdaydanielle\node_modules\.staging\graphicsmagick-f5c6a401 is being purged from base D:\lamp\www\happybirthdaydanielle
101 verbose gentlyRm don't care about contents; nuking D:\lamp\www\happybirthdaydanielle\node_modules\.staging\graphicsmagick-f5c6a401
102 verbose tar unpack C:\Users\jesus\AppData\Roaming\npm-cache\graphicsmagick\0.0.1\package.tgz
103 verbose tar unpacking to D:\lamp\www\happybirthdaydanielle\node_modules\.staging\graphicsmagick-f5c6a401
104 silly gentlyRm D:\lamp\www\happybirthdaydanielle\node_modules\.staging\graphicsmagick-f5c6a401 is being purged
105 verbose gentlyRm don't care about contents; nuking D:\lamp\www\happybirthdaydanielle\node_modules\.staging\graphicsmagick-f5c6a401
106 silly gunzTarPerm modes [ '777', '666' ]
107 silly gunzTarPerm extractEntry wscript
108 silly gunzTarPerm modified mode [ 'wscript', 493, 511 ]
109 silly gunzTarPerm extractEntry GraphicsMagick.cc
110 silly gunzTarPerm modified mode [ 'GraphicsMagick.cc', 493, 511 ]
111 silly gunzTarPerm extractEntry README.creole
112 silly gunzTarPerm modified mode [ 'README.creole', 493, 511 ]
113 silly gunzTarPerm extractEntry test.jpg
114 silly gunzTarPerm modified mode [ 'test.jpg', 493, 511 ]
115 silly gunzTarPerm extractEntry .npmignore
116 silly gunzTarPerm modified mode [ '.npmignore', 420, 438 ]
117 silly gunzTarPerm extractEntry build/
118 silly gunzTarPerm modified mode [ 'build/', 493, 511 ]
119 silly gunzTarPerm extractEntry build/.wafpickle-7
120 silly gunzTarPerm modified mode [ 'build/.wafpickle-7', 420, 438 ]
121 silly gunzTarPerm extractEntry test.js
122 silly gunzTarPerm modified mode [ 'test.js', 493, 511 ]
123 silly gunzTarPerm extractEntry package.json
124 silly gunzTarPerm modified mode [ 'package.json', 493, 511 ]
125 silly gentlyRm D:\lamp\www\happybirthdaydanielle\node_modules\.staging\graphicsmagick-f5c6a401\node_modules is being purged
126 verbose gentlyRm don't care about contents; nuking D:\lamp\www\happybirthdaydanielle\node_modules\.staging\graphicsmagick-f5c6a401\node_modules
127 silly doParallel preinstall 1
128 silly preinstall graphicsmagick@0.0.1 D:\lamp\www\happybirthdaydanielle\node_modules\.staging\graphicsmagick-f5c6a401
129 info lifecycle graphicsmagick@0.0.1~preinstall: graphicsmagick@0.0.1
130 verbose lifecycle graphicsmagick@0.0.1~preinstall: unsafe-perm in lifecycle true
131 verbose lifecycle graphicsmagick@0.0.1~preinstall: PATH: C:\Program Files\nodejs\node_modules\npm\bin\node-gyp-bin;D:\lamp\www\happybirthdaydanielle\node_modules\.staging\graphicsmagick-f5c6a401\node_modules\.bin;D:\lamp\www\happybirthdaydanielle\node_modules\.bin;D:\cmder\bin;D:\cmder\vendor\conemu-maximus5\ConEmu\Scripts;D:\cmder\vendor\conemu-maximus5;D:\cmder\vendor\conemu-maximus5\ConEmu;C:\Windows\system32;C:\Windows;C:\Windows\System32\Wbem;C:\Windows\System32\WindowsPowerShell\v1.0\;C:\Windows\system32\config\systemprofile\.dnx\bin;C:\Program Files\Microsoft DNX\Dnvm\;C:\Program Files (x86)\Windows Kits\8.1\Windows Performance Toolkit\;C:\Program Files (x86)\Skype\Phone\;C:\Program Files (x86)\Microsoft SQL Server\Client SDK\ODBC\130\Tools\Binn\;C:\Program Files (x86)\Microsoft SQL Server\130\Tools\Binn\;C:\Program Files (x86)\Microsoft SQL Server\130\DTS\Binn\;C:\Program Files (x86)\Microsoft SQL Server\130\Tools\Binn\ManagementStudio\;c:\php\;C:\HashiCorp\Vagrant\bin;C:\Program Files\Git\cmd;C:\ProgramData\ComposerSetup\bin;C:\Program Files\nodejs\;C:\Users\jesus\AppData\Roaming\Composer\vendor\bin;C:\Users\jesus\AppData\Roaming\npm;C:\Program Files\Git\usr\bin;C:\Program Files\Git\usr\share\vim\vim74;D:\cmder\
132 verbose lifecycle graphicsmagick@0.0.1~preinstall: CWD: D:\lamp\www\happybirthdaydanielle\node_modules\.staging\graphicsmagick-f5c6a401
133 silly lifecycle graphicsmagick@0.0.1~preinstall: Args: [ '/d /s /c',
133 silly lifecycle   'node-waf clean || (exit 0); node-waf configure build' ]
134 silly lifecycle graphicsmagick@0.0.1~preinstall: Returned: code: 1  signal: null
135 info lifecycle graphicsmagick@0.0.1~preinstall: Failed to exec preinstall script
136 verbose unlock done using C:\Users\jesus\AppData\Roaming\npm-cache\_locks\staging-327778ed26e3939a.lock for D:\lamp\www\happybirthdaydanielle\node_modules\.staging
137 silly rollbackFailedOptional Starting
138 silly rollbackFailedOptional Finishing
139 silly runTopLevelLifecycles Finishing
140 silly install printInstalled
141 warn app@1.0.0 No repository field.
142 verbose If you need help, you may report this error at:
142 verbose     <https://github.com/npm/npm/issues>
143 verbose stack Error: graphicsmagick@0.0.1 preinstall: `node-waf clean || (exit 0); node-waf configure build`
143 verbose stack Exit status 1
143 verbose stack     at EventEmitter.<anonymous> (C:\Program Files\nodejs\node_modules\npm\lib\utils\lifecycle.js:255:16)
143 verbose stack     at emitTwo (events.js:106:13)
143 verbose stack     at EventEmitter.emit (events.js:191:7)
143 verbose stack     at ChildProcess.<anonymous> (C:\Program Files\nodejs\node_modules\npm\lib\utils\spawn.js:40:14)
143 verbose stack     at emitTwo (events.js:106:13)
143 verbose stack     at ChildProcess.emit (events.js:191:7)
143 verbose stack     at maybeClose (internal/child_process.js:886:16)
143 verbose stack     at Process.ChildProcess._handle.onexit (internal/child_process.js:226:5)
144 verbose pkgid graphicsmagick@0.0.1
145 verbose cwd D:\lamp\www\happybirthdaydanielle
146 error Windows_NT 6.3.9600
147 error argv "C:\\Program Files\\nodejs\\node.exe" "C:\\Program Files\\nodejs\\node_modules\\npm\\bin\\npm-cli.js" "install" "graphicsmagick"
148 error node v6.10.3
149 error npm  v3.10.10
150 error code ELIFECYCLE
151 error graphicsmagick@0.0.1 preinstall: `node-waf clean || (exit 0); node-waf configure build`
151 error Exit status 1
152 error Failed at the graphicsmagick@0.0.1 preinstall script 'node-waf clean || (exit 0); node-waf configure build'.
152 error Make sure you have the latest version of node.js and npm installed.
152 error If you do, this is most likely a problem with the graphicsmagick package,
152 error not with npm itself.
152 error Tell the author that this fails on your system:
152 error     node-waf clean || (exit 0); node-waf configure build
152 error You can get information on how to open an issue for this project with:
152 error     npm bugs graphicsmagick
152 error Or if that isn't available, you can get their info via:
152 error     npm owner ls graphicsmagick
152 error There is likely additional logging output above.
153 verbose exit [ 1, true ]
